CRITICAL - 2022-12-28 12:20:43 --> syntax error, unexpected token ";"
in APPPATH\Controllers\Auth.php on line 57.
 1 SYSTEMPATH\Router\Router.php(499): CodeIgniter\Router\AutoRouter->getRoute('auth/register')
 2 SYSTEMPATH\Router\Router.php(205): CodeIgniter\Router\Router->autoRoute('auth/register')
 3 SYSTEMPATH\CodeIgniter.php(802): CodeIgniter\Router\Router->handle('auth/register')
 4 SYSTEMPATH\CodeIgniter.php(430): CodeIgniter\CodeIgniter->tryToRouteIt(Object(CodeIgniter\Router\RouteCollection))
 5 SYSTEMPATH\CodeIgniter.php(351): CodeIgniter\CodeIgniter->handleRequest(null, Object(Config\Cache), false)
 6 FCPATH\index.php(67): CodeIgniter\CodeIgniter->run()
 7 SYSTEMPATH\Commands\Server\rewrite.php(46): require_once('FCPATH\\index.php')
CRITICAL - 2022-12-28 12:23:59 --> Too few arguments to function App\Controllers\Auth::register(), 0 passed in C:\xampp\htdocs\barberhouse\vendor\codeigniter4\framework\system\CodeIgniter.php on line 927 and exactly 1 expected
in APPPATH\Controllers\Auth.php on line 16.
 1 SYSTEMPATH\CodeIgniter.php(927): App\Controllers\Auth->register()
 2 SYSTEMPATH\CodeIgniter.php(482): CodeIgniter\CodeIgniter->runController(Object(App\Controllers\Auth))
 3 SYSTEMPATH\CodeIgniter.php(351): CodeIgniter\CodeIgniter->handleRequest(null, Object(Config\Cache), false)
 4 FCPATH\index.php(67): CodeIgniter\CodeIgniter->run()
 5 SYSTEMPATH\Commands\Server\rewrite.php(46): require_once('FCPATH\\index.php')
CRITICAL - 2022-12-28 12:24:24 --> Call to undefined function App\Controllers\random_string()
in APPPATH\Controllers\Auth.php on line 50.
 1 SYSTEMPATH\CodeIgniter.php(927): App\Controllers\Auth->register()
 2 SYSTEMPATH\CodeIgniter.php(482): CodeIgniter\CodeIgniter->runController(Object(App\Controllers\Auth))
 3 SYSTEMPATH\CodeIgniter.php(351): CodeIgniter\CodeIgniter->handleRequest(null, Object(Config\Cache), false)
 4 FCPATH\index.php(67): CodeIgniter\CodeIgniter->run()
 5 SYSTEMPATH\Commands\Server\rewrite.php(46): require_once('FCPATH\\index.php')
CRITICAL - 2022-12-28 13:09:08 --> Call to a member function hasError() on null
in APPPATH\Views\view_home.php on line 136.
 1 SYSTEMPATH\View\View.php(213): include()
 2 SYSTEMPATH\View\View.php(216): CodeIgniter\View\View->CodeIgniter\View\{closure}()
 3 SYSTEMPATH\Common.php(1134): CodeIgniter\View\View->render('view_home', [], true)
 4 APPPATH\Controllers\Home.php(11): view('view_home')
 5 SYSTEMPATH\CodeIgniter.php(927): App\Controllers\Home->index()
 6 SYSTEMPATH\CodeIgniter.php(482): CodeIgniter\CodeIgniter->runController(Object(App\Controllers\Home))
 7 SYSTEMPATH\CodeIgniter.php(351): CodeIgniter\CodeIgniter->handleRequest(null, Object(Config\Cache), false)
 8 FCPATH\index.php(67): CodeIgniter\CodeIgniter->run()
 9 SYSTEMPATH\Commands\Server\rewrite.php(46): require_once('FCPATH\\index.php')
CRITICAL - 2022-12-28 13:10:39 --> Call to a member function hasError() on array
in APPPATH\Views\view_home.php on line 136.
 1 SYSTEMPATH\View\View.php(213): include()
 2 SYSTEMPATH\View\View.php(216): CodeIgniter\View\View->CodeIgniter\View\{closure}()
 3 SYSTEMPATH\Common.php(1134): CodeIgniter\View\View->render('view_home', [], true)
 4 APPPATH\Controllers\Home.php(14): view('view_home', [...])
 5 SYSTEMPATH\CodeIgniter.php(927): App\Controllers\Home->index()
 6 SYSTEMPATH\CodeIgniter.php(482): CodeIgniter\CodeIgniter->runController(Object(App\Controllers\Home))
 7 SYSTEMPATH\CodeIgniter.php(351): CodeIgniter\CodeIgniter->handleRequest(null, Object(Config\Cache), false)
 8 FCPATH\index.php(67): CodeIgniter\CodeIgniter->run()
 9 SYSTEMPATH\Commands\Server\rewrite.php(46): require_once('FCPATH\\index.php')
CRITICAL - 2022-12-28 20:02:17 --> Undefined variable $validation
in APPPATH\Views\view_token.php on line 111.
 1 APPPATH\Views\view_token.php(111): CodeIgniter\Debug\Exceptions->errorHandler(2, 'Undefined variable $validation', 'APPPATH\\Views\\view_token.php', 111)
 2 SYSTEMPATH\View\View.php(213): include('APPPATH\\Views\\view_token.php')
 3 SYSTEMPATH\View\View.php(216): CodeIgniter\View\View->CodeIgniter\View\{closure}()
 4 SYSTEMPATH\Common.php(1134): CodeIgniter\View\View->render('view_token', [], true)
 5 APPPATH\Controllers\Register.php(21): view('view_token')
 6 SYSTEMPATH\CodeIgniter.php(927): App\Controllers\Register->index()
 7 SYSTEMPATH\CodeIgniter.php(482): CodeIgniter\CodeIgniter->runController(Object(App\Controllers\Register))
 8 SYSTEMPATH\CodeIgniter.php(351): CodeIgniter\CodeIgniter->handleRequest(null, Object(Config\Cache), false)
 9 FCPATH\index.php(67): CodeIgniter\CodeIgniter->run()
10 SYSTEMPATH\Commands\Server\rewrite.php(46): require_once('FCPATH\\index.php')
CRITICAL - 2022-12-28 20:18:20 --> Undefined variable $validation
in APPPATH\Views\view_token.php on line 111.
 1 APPPATH\Views\view_token.php(111): CodeIgniter\Debug\Exceptions->errorHandler(2, 'Undefined variable $validation', 'APPPATH\\Views\\view_token.php', 111)
 2 SYSTEMPATH\View\View.php(213): include('APPPATH\\Views\\view_token.php')
 3 SYSTEMPATH\View\View.php(216): CodeIgniter\View\View->CodeIgniter\View\{closure}()
 4 SYSTEMPATH\Common.php(1134): CodeIgniter\View\View->render('view_token', [], true)
 5 APPPATH\Controllers\Register.php(31): view('view_token')
 6 SYSTEMPATH\CodeIgniter.php(927): App\Controllers\Register->index()
 7 SYSTEMPATH\CodeIgniter.php(482): CodeIgniter\CodeIgniter->runController(Object(App\Controllers\Register))
 8 SYSTEMPATH\CodeIgniter.php(351): CodeIgniter\CodeIgniter->handleRequest(null, Object(Config\Cache), false)
 9 FCPATH\index.php(67): CodeIgniter\CodeIgniter->run()
10 SYSTEMPATH\Commands\Server\rewrite.php(46): require_once('FCPATH\\index.php')
CRITICAL - 2022-12-28 20:18:22 --> Undefined variable $validation
in APPPATH\Views\view_token.php on line 111.
 1 APPPATH\Views\view_token.php(111): CodeIgniter\Debug\Exceptions->errorHandler(2, 'Undefined variable $validation', 'APPPATH\\Views\\view_token.php', 111)
 2 SYSTEMPATH\View\View.php(213): include('APPPATH\\Views\\view_token.php')
 3 SYSTEMPATH\View\View.php(216): CodeIgniter\View\View->CodeIgniter\View\{closure}()
 4 SYSTEMPATH\Common.php(1134): CodeIgniter\View\View->render('view_token', [], true)
 5 APPPATH\Controllers\Register.php(31): view('view_token')
 6 SYSTEMPATH\CodeIgniter.php(927): App\Controllers\Register->index()
 7 SYSTEMPATH\CodeIgniter.php(482): CodeIgniter\CodeIgniter->runController(Object(App\Controllers\Register))
 8 SYSTEMPATH\CodeIgniter.php(351): CodeIgniter\CodeIgniter->handleRequest(null, Object(Config\Cache), false)
 9 FCPATH\index.php(67): CodeIgniter\CodeIgniter->run()
10 SYSTEMPATH\Commands\Server\rewrite.php(46): require_once('FCPATH\\index.php')
CRITICAL - 2022-12-28 20:18:23 --> Undefined variable $validation
in APPPATH\Views\view_token.php on line 111.
 1 APPPATH\Views\view_token.php(111): CodeIgniter\Debug\Exceptions->errorHandler(2, 'Undefined variable $validation', 'APPPATH\\Views\\view_token.php', 111)
 2 SYSTEMPATH\View\View.php(213): include('APPPATH\\Views\\view_token.php')
 3 SYSTEMPATH\View\View.php(216): CodeIgniter\View\View->CodeIgniter\View\{closure}()
 4 SYSTEMPATH\Common.php(1134): CodeIgniter\View\View->render('view_token', [], true)
 5 APPPATH\Controllers\Register.php(31): view('view_token')
 6 SYSTEMPATH\CodeIgniter.php(927): App\Controllers\Register->index()
 7 SYSTEMPATH\CodeIgniter.php(482): CodeIgniter\CodeIgniter->runController(Object(App\Controllers\Register))
 8 SYSTEMPATH\CodeIgniter.php(351): CodeIgniter\CodeIgniter->handleRequest(null, Object(Config\Cache), false)
 9 FCPATH\index.php(67): CodeIgniter\CodeIgniter->run()
10 SYSTEMPATH\Commands\Server\rewrite.php(46): require_once('FCPATH\\index.php')
CRITICAL - 2022-12-28 20:19:01 --> Undefined variable $validation
in APPPATH\Views\view_token.php on line 111.
 1 APPPATH\Views\view_token.php(111): CodeIgniter\Debug\Exceptions->errorHandler(2, 'Undefined variable $validation', 'APPPATH\\Views\\view_token.php', 111)
 2 SYSTEMPATH\View\View.php(213): include('APPPATH\\Views\\view_token.php')
 3 SYSTEMPATH\View\View.php(216): CodeIgniter\View\View->CodeIgniter\View\{closure}()
 4 SYSTEMPATH\Common.php(1134): CodeIgniter\View\View->render('view_token', [], true)
 5 APPPATH\Controllers\Register.php(38): view('view_token')
 6 SYSTEMPATH\CodeIgniter.php(927): App\Controllers\Register->index()
 7 SYSTEMPATH\CodeIgniter.php(482): CodeIgniter\CodeIgniter->runController(Object(App\Controllers\Register))
 8 SYSTEMPATH\CodeIgniter.php(351): CodeIgniter\CodeIgniter->handleRequest(null, Object(Config\Cache), false)
 9 FCPATH\index.php(67): CodeIgniter\CodeIgniter->run()
10 SYSTEMPATH\Commands\Server\rewrite.php(46): require_once('FCPATH\\index.php')
